<?xml version="1.0" encoding="UTF-8"?>
<!-- Generated by org.testng.reporters.JUnitReportReporter -->
<testsuite hostname="Dell-5577-Sidhu" failures="0" tests="4" name="api.test.UserTests" time="3.593" errors="0" timestamp="2024-02-22T19:46:22 EST" skipped="0">
  <testcase classname="api.test.UserTests" name="testPostUser" time="2.791"/>
  <system-out/>
  <testcase classname="api.test.UserTests" name="testGetUser" time="0.291"/>
  <system-out/>
  <testcase classname="api.test.UserTests" name="testUpdateUser" time="0.354"/>
  <system-out/>
  <testcase classname="api.test.UserTests" name="testDeleteUser" time="0.157"/>
  <system-out/>
</testsuite> <!-- api.test.UserTests -->
