<?xml version="1.0" encoding="UTF-8"?>
<!-- Generated by org.testng.reporters.JUnitReportReporter -->
<testsuite hostname="Dell-5577-Sidhu" failures="0" tests="6" name="api.test.DDTests" time="0.997" errors="0" timestamp="2024-02-22T19:46:22 EST" skipped="0">
  <testcase classname="api.test.DDTests" name="testPostuser" time="0.162"/>
  <system-out/>
  <testcase classname="api.test.DDTests" name="testPostuser" time="0.159"/>
  <system-out/>
  <testcase classname="api.test.DDTests" name="testPostuser" time="0.168"/>
  <system-out/>
  <testcase classname="api.test.DDTests" name="testDeleteUserByName" time="0.184"/>
  <system-out/>
  <testcase classname="api.test.DDTests" name="testDeleteUserByName" time="0.151"/>
  <system-out/>
  <testcase classname="api.test.DDTests" name="testDeleteUserByName" time="0.173"/>
  <system-out/>
</testsuite> <!-- api.test.DDTests -->
