<?xml version="1.0" encoding="UTF-8"?>
<!-- Generated by org.testng.reporters.JUnitReportReporter -->
<testsuite hostname="Dell-5577-Sidhu" failures="0" tests="6" name="api.test.DDTests" time="0.922" errors="0" timestamp="2024-02-23T13:21:13 EST" skipped="0">
  <testcase classname="api.test.DDTests" name="testPostuser" time="0.154"/>
  <system-out/>
  <testcase classname="api.test.DDTests" name="testPostuser" time="0.148"/>
  <system-out/>
  <testcase classname="api.test.DDTests" name="testPostuser" time="0.167"/>
  <system-out/>
  <testcase classname="api.test.DDTests" name="testDeleteUserByName" time="0.144"/>
  <system-out/>
  <testcase classname="api.test.DDTests" name="testDeleteUserByName" time="0.146"/>
  <system-out/>
  <testcase classname="api.test.DDTests" name="testDeleteUserByName" time="0.163"/>
  <system-out/>
</testsuite> <!-- api.test.DDTests -->
