<?xml version="1.0" encoding="UTF-8"?>
<!-- Generated by org.testng.reporters.JUnitReportReporter -->
<testsuite hostname="Dell-5577-Sidhu" failures="0" tests="6" name="api.test.DDTests" time="1.045" errors="0" timestamp="2024-02-23T13:54:59 EST" skipped="0">
  <testcase classname="api.test.DDTests" name="testPostuser" time="0.233"/>
  <system-out/>
  <testcase classname="api.test.DDTests" name="testPostuser" time="0.155"/>
  <system-out/>
  <testcase classname="api.test.DDTests" name="testPostuser" time="0.189"/>
  <system-out/>
  <testcase classname="api.test.DDTests" name="testDeleteUserByName" time="0.152"/>
  <system-out/>
  <testcase classname="api.test.DDTests" name="testDeleteUserByName" time="0.164"/>
  <system-out/>
  <testcase classname="api.test.DDTests" name="testDeleteUserByName" time="0.152"/>
  <system-out/>
</testsuite> <!-- api.test.DDTests -->
