<?xml version="1.0" encoding="UTF-8"?>
<!-- Generated by org.testng.reporters.JUnitReportReporter -->
<testsuite hostname="Dell-5577-Sidhu" failures="0" tests="4" name="api.test.UserTests" time="3.296" errors="0" timestamp="2024-02-23T13:00:03 EST" skipped="0">
  <testcase classname="api.test.UserTests" name="testPostUser" time="2.671"/>
  <system-out/>
  <testcase classname="api.test.UserTests" name="testGetUser" time="0.174"/>
  <system-out/>
  <testcase classname="api.test.UserTests" name="testUpdateUser" time="0.297"/>
  <system-out/>
  <testcase classname="api.test.UserTests" name="testDeleteUser" time="0.154"/>
  <system-out/>
</testsuite> <!-- api.test.UserTests -->
